Using pre-set license
Built from '2020.3/staging' branch; Version is '2020.3.19f1 (68f137dc9bbe) revision 6877495'; Using compiler version '192528614'; Build Type 'Release'
OS: 'Windows 10 Pro; OS build 19042.1348; Version 2009; 64bit' Language: 'en' Physical Memory: 32553 MB
BatchMode: 1, IsHumanControllingUs: 0, StartBugReporterOnCrash: 0, Is64bit: 1, IsPro: 0

COMMAND LINE ARGUMENTS:
C:\Program Files\Unity\Hub\Editor\2020.3.19f1\Editor\Unity.exe
-adb2
-batchMode
-noUpm
-name
AssetImportWorker2
-projectPath
C:/Users/VRLAPTOP-XR3/Documents/GitHub/CoVRE_v2
-logFile
Logs/AssetImportWorker2.log
-srvPort
59298
Successfully changed project path to: C:/Users/VRLAPTOP-XR3/Documents/GitHub/CoVRE_v2
C:/Users/VRLAPTOP-XR3/Documents/GitHub/CoVRE_v2
Using Asset Import Pipeline V2.
Refreshing native plugins compatible for Editor in 93.88 ms, found 6 plugins.
Preloading 1 native plugins for Editor in 0.93 ms.
Initialize engine version: 2020.3.19f1 (68f137dc9bbe)
[Subsystems] Discovering subsystems at path C:/Program Files/Unity/Hub/Editor/2020.3.19f1/Editor/Data/Resources/UnitySubsystems
[Subsystems] Discovering subsystems at path C:/Users/VRLAPTOP-XR3/Documents/GitHub/CoVRE_v2/Assets
GfxDevice: creating device client; threaded=0
Direct3D:
    Version:  Direct3D 11.0 [level 11.1]
    Renderer: NVIDIA GeForce RTX 3080 Laptop GPU (ID=0x249c)
    Vendor:   
    VRAM:     16201 MB
    Driver:   30.0.14.9649
Initialize mono
Mono path[0] = 'C:/Program Files/Unity/Hub/Editor/2020.3.19f1/Editor/Data/Managed'
Mono path[1] = 'C:/Program Files/Unity/Hub/Editor/2020.3.19f1/Editor/Data/MonoBleedingEdge/lib/mono/unityjit'
Mono config path = 'C:/Program Files/Unity/Hub/Editor/2020.3.19f1/Editor/Data/MonoBleedingEdge/etc'
Using monoOptions --debugger-agent=transport=dt_socket,embedding=1,server=y,suspend=n,address=127.0.0.1:56244
Begin MonoManager ReloadAssembly
Registering precompiled unity dll's ...
Register platform support module: C:/Program Files/Unity/Hub/Editor/2020.3.19f1/Editor/Data/PlaybackEngines/WindowsStandaloneSupport/UnityEditor.WindowsStandalone.Extensions.dll
Registered in 0.002350 seconds.
Native extension for WindowsStandalone target not found
Refreshing native plugins compatible for Editor in 90.73 ms, found 6 plugins.
Preloading 1 native plugins for Editor in 0.10 ms.
Mono: successfully reloaded assembly
- Completed reload, in  2.661 seconds
Domain Reload Profiling:
	ReloadAssembly (2661ms)
		BeginReloadAssembly (78ms)
			ExecutionOrderSort (0ms)
			DisableScriptedObjects (0ms)
			BackupInstance (0ms)
			ReleaseScriptingObjects (0ms)
			CreateAndSetChildDomain (1ms)
		EndReloadAssembly (609ms)
			LoadAssemblies (75ms)
			RebuildTransferFunctionScriptingTraits (0ms)
			SetupTypeCache (216ms)
			ReleaseScriptCaches (0ms)
			RebuildScriptCaches (38ms)
			SetupLoadedEditorAssemblies (261ms)
				LogAssemblyErrors (0ms)
				InitializePlatformSupportModulesInManaged (6ms)
				SetLoadedEditorAssemblies (0ms)
				RefreshPlugins (91ms)
				BeforeProcessingInitializeOnLoad (22ms)
				ProcessInitializeOnLoadAttributes (106ms)
				ProcessInitializeOnLoadMethodAttributes (36ms)
				AfterProcessingInitializeOnLoad (0ms)
				EditorAssembliesLoaded (0ms)
			ExecutionOrderSort2 (0ms)
			AwakeInstancesAfterBackupRestoration (0ms)
Platform modules already initialized, skipping
Registering precompiled user dll's ...
Registered in 0.008004 seconds.
Begin MonoManager ReloadAssembly
Native extension for WindowsStandalone target not found
Refreshing native plugins compatible for Editor in 93.81 ms, found 6 plugins.
Preloading 1 native plugins for Editor in 0.10 ms.
[XR] OculusXRPlugin: registering subsystems
[XR] Unable to register display lifecyle provider: [1]
[XR] Oculus Input lifecycle provider registered.
[XR] Unable to register input lifecyle provider: [1]
System.Reflection.TargetInvocationException: Exception has been thrown by the target of an invocation. ---> System.NullReferenceException: Object reference not set to an instance of an object
  at Unity.XR.Oculus.OculusLoader.AssetPathToAbsolutePath (System.String assetPath) [0x00048] in C:\Users\VRLAPTOP-XR3\Documents\GitHub\CoVRE_v2\Library\PackageCache\com.unity.xr.oculus@1.10.0\Runtime\OculusLoader.cs:250 
  at Unity.XR.Oculus.OculusLoader.EditorLoadOVRPlugin () [0x0007b] in C:\Users\VRLAPTOP-XR3\Documents\GitHub\CoVRE_v2\Library\PackageCache\com.unity.xr.oculus@1.10.0\Runtime\OculusLoader.cs:235 
  at (wrapper managed-to-native) System.Reflection.MonoMethod.InternalInvoke(System.Reflection.MonoMethod,object,object[],System.Exception&)
  at System.Reflection.MonoMethod.Invoke (System.Object obj, System.Reflection.BindingFlags invokeAttr, System.Reflection.Binder binder, System.Object[] parameters, System.Globalization.CultureInfo culture) [0x00032] in <695d1cc93cca45069c528c15c9fdd749>:0 
   --- End of inner exception stack trace ---
  at System.Reflection.MonoMethod.Invoke (System.Object obj, System.Reflection.BindingFlags invokeAttr, System.Reflection.Binder binder, System.Object[] parameters, System.Globalization.CultureInfo culture) [0x00048] in <695d1cc93cca45069c528c15c9fdd749>:0 
  at System.Reflection.MethodBase.Invoke (System.Object obj, System.Object[] parameters) [0x00000] in <695d1cc93cca45069c528c15c9fdd749>:0 
  at UnityEditor.EditorAssemblies.ProcessInitializeOnLoadMethodAttributes () [0x00047] in <97ba64834c8f4edc84e3d8e30b04f122>:0 
UnityEngine.StackTraceUtility:ExtractStackTrace ()
UnityEngine.DebugLogHandler:LogFormat (UnityEngine.LogType,UnityEngine.Object,string,object[])
UnityEngine.Logger:Log (UnityEngine.LogType,object)
UnityEngine.Debug:LogError (object)
UnityEditor.EditorAssemblies:ProcessInitializeOnLoadMethodAttributes ()

Mono: successfully reloaded assembly
- Completed reload, in  1.796 seconds
Domain Reload Profiling:
	ReloadAssembly (1797ms)
		BeginReloadAssembly (198ms)
			ExecutionOrderSort (0ms)
			DisableScriptedObjects (7ms)
			BackupInstance (0ms)
			ReleaseScriptingObjects (0ms)
			CreateAndSetChildDomain (22ms)
		EndReloadAssembly (1511ms)
			LoadAssemblies (135ms)
			RebuildTransferFunctionScriptingTraits (0ms)
			SetupTypeCache (464ms)
			ReleaseScriptCaches (1ms)
			RebuildScriptCaches (75ms)
			SetupLoadedEditorAssemblies (667ms)
				LogAssemblyErrors (0ms)
				InitializePlatformSupportModulesInManaged (5ms)
				SetLoadedEditorAssemblies (0ms)
				RefreshPlugins (94ms)
				BeforeProcessingInitializeOnLoad (135ms)
				ProcessInitializeOnLoadAttributes (406ms)
				ProcessInitializeOnLoadMethodAttributes (19ms)
				AfterProcessingInitializeOnLoad (8ms)
				EditorAssembliesLoaded (0ms)
			ExecutionOrderSort2 (0ms)
			AwakeInstancesAfterBackupRestoration (7ms)
Platform modules already initialized, skipping
========================================================================
Worker process is ready to serve import requests
Launched and connected shader compiler UnityShaderCompiler.exe after 0.08 seconds
Refreshing native plugins compatible for Editor in 0.96 ms, found 6 plugins.
Preloading 1 native plugins for Editor in 0.10 ms.
Unloading 3661 Unused Serialized files (Serialized files now loaded: 0)
System memory in use before: 170.1 MB.
System memory in use after: 170.2 MB.

Unloading 33 unused Assets to reduce memory usage. Loaded Objects now: 4134.
Total: 4.609100 ms (FindLiveObjects: 0.436500 ms CreateObjectMapping: 0.286600 ms MarkObjects: 3.781100 ms  DeleteObjects: 0.103400 ms)

AssetImportParameters requested are different than current active one (requested -> active):
  custom:framework-win-MediaFoundation: 216162199b28c13a410421893ffa2e32 -> 
  custom:video-decoder-ogg-theora: a1e56fd34408186e4bbccfd4996cb3dc -> 
  custom:container-muxer-webm: aa71ff27fc2769a1b78a27578f13a17b -> 
  custom:container-demuxer-webm: 4f35f7cbe854078d1ac9338744f61a02 -> 
  custom:container-demuxer-ogg: 62fdf1f143b41e24485cea50d1cbac27 -> 
  custom:video-encoder-webm-vp8: eb34c28f22e8b96e1ab97ce403110664 -> 
  custom:video-decoder-webm-vp8: 9c59270c3fd7afecdb556c50c9e8de78 -> 
  custom:audio-decoder-ogg-vorbis: bf7c407c2cedff20999df2af8eb42d56 -> 
  custom:audio-encoder-webm-vorbis: bf7c407c2cedff20999df2af8eb42d56 -> 
========================================================================
Received Import Request.
  path: Assets/Normal/Resources/ObeliskBlock.prefab
  artifactKey: Guid(6640f5e8104985741838632e02479748) Importer(815301076,1909f56bfc062723c751e8b465ee728b)
Start importing Assets/Normal/Resources/ObeliskBlock.prefab using Guid(6640f5e8104985741838632e02479748) Importer(815301076,1909f56bfc062723c751e8b465ee728b)  -> (artifact id: 'b4f931e4bc3a8cbe51c4a09b4a158d8d') in 0.591658 seconds 
  Import took 0.599580 seconds .

========================================================================
Received Import Request.
  Time since last request: 5.041950 seconds.
  path: Assets/Normal/Resources/ObeliskBlock.prefab
  artifactKey: Guid(6640f5e8104985741838632e02479748) Importer(815301076,1909f56bfc062723c751e8b465ee728b)
Start importing Assets/Normal/Resources/ObeliskBlock.prefab using Guid(6640f5e8104985741838632e02479748) Importer(815301076,1909f56bfc062723c751e8b465ee728b)  -> (artifact id: '281b3642e4d93e41f843b30fdb84d472') in 0.178145 seconds 
  Import took 0.185023 seconds .

========================================================================
Received Import Request.
  Time since last request: 6.441281 seconds.
  path: Assets/Normal/Resources/ObeliskBlock.prefab
  artifactKey: Guid(6640f5e8104985741838632e02479748) Importer(815301076,1909f56bfc062723c751e8b465ee728b)
Start importing Assets/Normal/Resources/ObeliskBlock.prefab using Guid(6640f5e8104985741838632e02479748) Importer(815301076,1909f56bfc062723c751e8b465ee728b)  -> (artifact id: '5533a5735fab98a4a7bf4d3921b3813a') in 0.149778 seconds 
  Import took 0.156930 seconds .

========================================================================
Received Import Request.
  Time since last request: 6.568653 seconds.
  path: Assets/Normal/Resources/ObeliskBlock.prefab
  artifactKey: Guid(6640f5e8104985741838632e02479748) Importer(815301076,1909f56bfc062723c751e8b465ee728b)
Start importing Assets/Normal/Resources/ObeliskBlock.prefab using Guid(6640f5e8104985741838632e02479748) Importer(815301076,1909f56bfc062723c751e8b465ee728b)  -> (artifact id: 'a0772ce3087b8d0c51c8ed5009f6c053') in 0.153749 seconds 
  Import took 0.163730 seconds .

========================================================================
Received Import Request.
  Time since last request: 0.158176 seconds.
  path: Assets/Normal/Resources/ObeliskBlock.prefab
  artifactKey: Guid(6640f5e8104985741838632e02479748) Importer(815301076,1909f56bfc062723c751e8b465ee728b)
Start importing Assets/Normal/Resources/ObeliskBlock.prefab using Guid(6640f5e8104985741838632e02479748) Importer(815301076,1909f56bfc062723c751e8b465ee728b)  -> (artifact id: '3feec805473ebaf6b9bf21e556302739') in 0.177262 seconds 
  Import took 0.188525 seconds .

========================================================================
Received Import Request.
  Time since last request: 7.131062 seconds.
  path: Assets/Normal/Resources/ObeliskBlock.prefab
  artifactKey: Guid(6640f5e8104985741838632e02479748) Importer(815301076,1909f56bfc062723c751e8b465ee728b)
Start importing Assets/Normal/Resources/ObeliskBlock.prefab using Guid(6640f5e8104985741838632e02479748) Importer(815301076,1909f56bfc062723c751e8b465ee728b)  -> (artifact id: '264bcc53cff66539d68ec4e917f478a7') in 0.146807 seconds 
  Import took 0.154250 seconds .

========================================================================
Received Import Request.
  Time since last request: 113.131573 seconds.
  path: Assets/Normal/Resources/ObeliskBlock.prefab
  artifactKey: Guid(6640f5e8104985741838632e02479748) Importer(815301076,1909f56bfc062723c751e8b465ee728b)
Start importing Assets/Normal/Resources/ObeliskBlock.prefab using Guid(6640f5e8104985741838632e02479748) Importer(815301076,1909f56bfc062723c751e8b465ee728b)  -> (artifact id: '790b418b7ac30e5a2b62ef03d03f456c') in 0.151541 seconds 
  Import took 0.159506 seconds .

========================================================================
Received Import Request.
  Time since last request: 8.622766 seconds.
  path: Assets/Normal/Resources/ObeliskBlock.prefab
  artifactKey: Guid(6640f5e8104985741838632e02479748) Importer(815301076,1909f56bfc062723c751e8b465ee728b)
Start importing Assets/Normal/Resources/ObeliskBlock.prefab using Guid(6640f5e8104985741838632e02479748) Importer(815301076,1909f56bfc062723c751e8b465ee728b)  -> (artifact id: '57bc90723d2efefd450ba4bbfad8e94a') in 0.149363 seconds 
  Import took 0.156364 seconds .

========================================================================
Received Import Request.
  Time since last request: 18.503620 seconds.
  path: Assets/Normal/Resources/ObeliskBlock.prefab
  artifactKey: Guid(6640f5e8104985741838632e02479748) Importer(815301076,1909f56bfc062723c751e8b465ee728b)
Start importing Assets/Normal/Resources/ObeliskBlock.prefab using Guid(6640f5e8104985741838632e02479748) Importer(815301076,1909f56bfc062723c751e8b465ee728b)  -> (artifact id: 'ea2c8119807164fc41feae57418f4ca5') in 0.154070 seconds 
  Import took 0.164512 seconds .

========================================================================
Received Import Request.
  Time since last request: 7.189691 seconds.
  path: Assets/Normal/Resources/ObeliskBlock.prefab
  artifactKey: Guid(6640f5e8104985741838632e02479748) Importer(815301076,1909f56bfc062723c751e8b465ee728b)
Start importing Assets/Normal/Resources/ObeliskBlock.prefab using Guid(6640f5e8104985741838632e02479748) Importer(815301076,1909f56bfc062723c751e8b465ee728b)  -> (artifact id: '072d41cd5582798ee2c4179138b0b9d4') in 0.146678 seconds 
  Import took 0.155923 seconds .

AssetImportWorkerClient::OnTransportError - code=2 error=End of file
