Using pre-set license
Built from '2020.3/staging' branch; Version is '2020.3.19f1 (68f137dc9bbe) revision 6877495'; Using compiler version '192528614'; Build Type 'Release'
OS: 'Windows 10 Pro; OS build 19042.1348; Version 2009; 64bit' Language: 'en' Physical Memory: 16334 MB
BatchMode: 1, IsHumanControllingUs: 0, StartBugReporterOnCrash: 0, Is64bit: 1, IsPro: 0

COMMAND LINE ARGUMENTS:
F:\Unity Editors\2020.3.19f1\Editor\Unity.exe
-adb2
-batchMode
-noUpm
-name
AssetImportWorker1
-projectPath
F:/CoVRE/CoVRE_v2
-logFile
Logs/AssetImportWorker1.log
-srvPort
56073
Successfully changed project path to: F:/CoVRE/CoVRE_v2
F:/CoVRE/CoVRE_v2
Using Asset Import Pipeline V2.
Refreshing native plugins compatible for Editor in 70.88 ms, found 6 plugins.
Preloading 1 native plugins for Editor in 0.97 ms.
Initialize engine version: 2020.3.19f1 (68f137dc9bbe)
[Subsystems] Discovering subsystems at path F:/Unity Editors/2020.3.19f1/Editor/Data/Resources/UnitySubsystems
[Subsystems] Discovering subsystems at path F:/CoVRE/CoVRE_v2/Assets
GfxDevice: creating device client; threaded=0
Direct3D:
    Version:  Direct3D 11.0 [level 11.1]
    Renderer: NVIDIA GeForce GTX 1080 (ID=0x1b80)
    Vendor:   
    VRAM:     8079 MB
    Driver:   30.0.14.7168
Initialize mono
Mono path[0] = 'F:/Unity Editors/2020.3.19f1/Editor/Data/Managed'
Mono path[1] = 'F:/Unity Editors/2020.3.19f1/Editor/Data/MonoBleedingEdge/lib/mono/unityjit'
Mono config path = 'F:/Unity Editors/2020.3.19f1/Editor/Data/MonoBleedingEdge/etc'
Using monoOptions --debugger-agent=transport=dt_socket,embedding=1,server=y,suspend=n,address=127.0.0.1:56128
Begin MonoManager ReloadAssembly
Registering precompiled unity dll's ...
Register platform support module: F:/Unity Editors/2020.3.19f1/Editor/Data/PlaybackEngines/WindowsStandaloneSupport/UnityEditor.WindowsStandalone.Extensions.dll
Registered in 0.001208 seconds.
Native extension for WindowsStandalone target not found
Refreshing native plugins compatible for Editor in 61.89 ms, found 6 plugins.
Preloading 1 native plugins for Editor in 0.05 ms.
Mono: successfully reloaded assembly
- Completed reload, in  1.301 seconds
Domain Reload Profiling:
	ReloadAssembly (1302ms)
		BeginReloadAssembly (45ms)
			ExecutionOrderSort (0ms)
			DisableScriptedObjects (0ms)
			BackupInstance (0ms)
			ReleaseScriptingObjects (0ms)
			CreateAndSetChildDomain (1ms)
		EndReloadAssembly (367ms)
			LoadAssemblies (44ms)
			RebuildTransferFunctionScriptingTraits (0ms)
			SetupTypeCache (121ms)
			ReleaseScriptCaches (0ms)
			RebuildScriptCaches (25ms)
			SetupLoadedEditorAssemblies (165ms)
				LogAssemblyErrors (0ms)
				InitializePlatformSupportModulesInManaged (3ms)
				SetLoadedEditorAssemblies (0ms)
				RefreshPlugins (63ms)
				BeforeProcessingInitializeOnLoad (8ms)
				ProcessInitializeOnLoadAttributes (69ms)
				ProcessInitializeOnLoadMethodAttributes (21ms)
				AfterProcessingInitializeOnLoad (0ms)
				EditorAssembliesLoaded (0ms)
			ExecutionOrderSort2 (0ms)
			AwakeInstancesAfterBackupRestoration (0ms)
Platform modules already initialized, skipping
Registering precompiled user dll's ...
Registered in 0.004894 seconds.
Begin MonoManager ReloadAssembly
Native extension for WindowsStandalone target not found
Refreshing native plugins compatible for Editor in 74.16 ms, found 6 plugins.
Preloading 1 native plugins for Editor in 0.05 ms.
[XR] OculusXRPlugin: registering subsystems
[XR] Unable to register display lifecyle provider: [1]
[XR] Oculus Input lifecycle provider registered.
[XR] Unable to register input lifecyle provider: [1]
System.Reflection.TargetInvocationException: Exception has been thrown by the target of an invocation. ---> System.NullReferenceException: Object reference not set to an instance of an object
  at Unity.XR.Oculus.OculusLoader.AssetPathToAbsolutePath (System.String assetPath) [0x00048] in F:\CoVRE\CoVRE_v2\Library\PackageCache\com.unity.xr.oculus@1.10.0\Runtime\OculusLoader.cs:250 
  at Unity.XR.Oculus.OculusLoader.EditorLoadOVRPlugin () [0x0007b] in F:\CoVRE\CoVRE_v2\Library\PackageCache\com.unity.xr.oculus@1.10.0\Runtime\OculusLoader.cs:235 
  at (wrapper managed-to-native) System.Reflection.MonoMethod.InternalInvoke(System.Reflection.MonoMethod,object,object[],System.Exception&)
  at System.Reflection.MonoMethod.Invoke (System.Object obj, System.Reflection.BindingFlags invokeAttr, System.Reflection.Binder binder, System.Object[] parameters, System.Globalization.CultureInfo culture) [0x00032] in <695d1cc93cca45069c528c15c9fdd749>:0 
   --- End of inner exception stack trace ---
  at System.Reflection.MonoMethod.Invoke (System.Object obj, System.Reflection.BindingFlags invokeAttr, System.Reflection.Binder binder, System.Object[] parameters, System.Globalization.CultureInfo culture) [0x00048] in <695d1cc93cca45069c528c15c9fdd749>:0 
  at System.Reflection.MethodBase.Invoke (System.Object obj, System.Object[] parameters) [0x00000] in <695d1cc93cca45069c528c15c9fdd749>:0 
  at UnityEditor.EditorAssemblies.ProcessInitializeOnLoadMethodAttributes () [0x00047] in <97ba64834c8f4edc84e3d8e30b04f122>:0 
UnityEngine.StackTraceUtility:ExtractStackTrace ()
UnityEngine.DebugLogHandler:LogFormat (UnityEngine.LogType,UnityEngine.Object,string,object[])
UnityEngine.Logger:Log (UnityEngine.LogType,object)
UnityEngine.Debug:LogError (object)
UnityEditor.EditorAssemblies:ProcessInitializeOnLoadMethodAttributes ()

Mono: successfully reloaded assembly
- Completed reload, in  2.126 seconds
Domain Reload Profiling:
	ReloadAssembly (2135ms)
		BeginReloadAssembly (123ms)
			ExecutionOrderSort (0ms)
			DisableScriptedObjects (4ms)
			BackupInstance (0ms)
			ReleaseScriptingObjects (0ms)
			CreateAndSetChildDomain (19ms)
		EndReloadAssembly (1955ms)
			LoadAssemblies (826ms)
			RebuildTransferFunctionScriptingTraits (0ms)
			SetupTypeCache (340ms)
			ReleaseScriptCaches (1ms)
			RebuildScriptCaches (49ms)
			SetupLoadedEditorAssemblies (631ms)
				LogAssemblyErrors (0ms)
				InitializePlatformSupportModulesInManaged (3ms)
				SetLoadedEditorAssemblies (0ms)
				RefreshPlugins (75ms)
				BeforeProcessingInitializeOnLoad (70ms)
				ProcessInitializeOnLoadAttributes (424ms)
				ProcessInitializeOnLoadMethodAttributes (56ms)
				AfterProcessingInitializeOnLoad (2ms)
				EditorAssembliesLoaded (0ms)
			ExecutionOrderSort2 (0ms)
			AwakeInstancesAfterBackupRestoration (4ms)
Platform modules already initialized, skipping
========================================================================
Worker process is ready to serve import requests
Launched and connected shader compiler UnityShaderCompiler.exe after 0.12 seconds
Refreshing native plugins compatible for Editor in 0.82 ms, found 6 plugins.
Preloading 1 native plugins for Editor in 0.05 ms.
Unloading 3661 Unused Serialized files (Serialized files now loaded: 0)
System memory in use before: 168.5 MB.
System memory in use after: 168.7 MB.

Unloading 33 unused Assets to reduce memory usage. Loaded Objects now: 4132.
Total: 3.524400 ms (FindLiveObjects: 0.355800 ms CreateObjectMapping: 0.100000 ms MarkObjects: 2.967200 ms  DeleteObjects: 0.100300 ms)

AssetImportParameters requested are different than current active one (requested -> active):
  custom:framework-win-MediaFoundation: 216162199b28c13a410421893ffa2e32 -> 
  custom:video-decoder-ogg-theora: a1e56fd34408186e4bbccfd4996cb3dc -> 
  custom:container-muxer-webm: aa71ff27fc2769a1b78a27578f13a17b -> 
  custom:container-demuxer-webm: 4f35f7cbe854078d1ac9338744f61a02 -> 
  custom:container-demuxer-ogg: 62fdf1f143b41e24485cea50d1cbac27 -> 
  custom:video-encoder-webm-vp8: eb34c28f22e8b96e1ab97ce403110664 -> 
  custom:video-decoder-webm-vp8: 9c59270c3fd7afecdb556c50c9e8de78 -> 
  custom:audio-decoder-ogg-vorbis: bf7c407c2cedff20999df2af8eb42d56 -> 
  custom:audio-encoder-webm-vorbis: bf7c407c2cedff20999df2af8eb42d56 -> 
========================================================================
Received Import Request.
  path: Assets/Ancient Modular Tombs/Materials/SandRock_A.mat
  artifactKey: Guid(60c45c54ac2612d4ea82e374d1128caf) Importer(815301076,1909f56bfc062723c751e8b465ee728b)
Start importing Assets/Ancient Modular Tombs/Materials/SandRock_A.mat using Guid(60c45c54ac2612d4ea82e374d1128caf) Importer(815301076,1909f56bfc062723c751e8b465ee728b)  -> (artifact id: 'e7f257d2f28955397c3b78366a989818') in 0.609821 seconds 
  Import took 0.636035 seconds .

========================================================================
Received Import Request.
  Time since last request: 0.004976 seconds.
  path: Assets/Ancient Modular Tombs/Materials/Horus_statue.mat
  artifactKey: Guid(96c5ad94b8374974388e544c375903cd) Importer(815301076,1909f56bfc062723c751e8b465ee728b)
Start importing Assets/Ancient Modular Tombs/Materials/Horus_statue.mat using Guid(96c5ad94b8374974388e544c375903cd) Importer(815301076,1909f56bfc062723c751e8b465ee728b)  -> (artifact id: '22c56d45ed1b8a45ea1d2dfbf32c74e7') in 0.326887 seconds 
  Import took 0.348934 seconds .

========================================================================
Received Import Request.
  Time since last request: 0.001054 seconds.
  path: Assets/Ancient Modular Tombs/Materials/SmokeDark.mat
  artifactKey: Guid(7b8c769ed1cc4fb4bad73acdfa601e23) Importer(815301076,1909f56bfc062723c751e8b465ee728b)
Start importing Assets/Ancient Modular Tombs/Materials/SmokeDark.mat using Guid(7b8c769ed1cc4fb4bad73acdfa601e23) Importer(815301076,1909f56bfc062723c751e8b465ee728b)  -> (artifact id: '0484ec9e21a4f0e5dfe589caf7eb9614') in 0.044654 seconds 
  Import took 0.073296 seconds .

========================================================================
Received Import Request.
  Time since last request: 0.001068 seconds.
  path: Assets/Ancient Modular Tombs/Materials/Terrain.mat
  artifactKey: Guid(00dc367425437c74ba021d0bbeba9642) Importer(815301076,1909f56bfc062723c751e8b465ee728b)
Start importing Assets/Ancient Modular Tombs/Materials/Terrain.mat using Guid(00dc367425437c74ba021d0bbeba9642) Importer(815301076,1909f56bfc062723c751e8b465ee728b)  -> (artifact id: '9f5696e2277cfb1d9711d30af1e1a991') in 0.652972 seconds 
  Import took 0.676031 seconds .

========================================================================
Received Import Request.
  Time since last request: 0.001137 seconds.
  path: Assets/Ancient Modular Tombs/Materials/Anubis_statue.mat
  artifactKey: Guid(f863523e21bfb50499af687b7ec203ba) Importer(815301076,1909f56bfc062723c751e8b465ee728b)
Start importing Assets/Ancient Modular Tombs/Materials/Anubis_statue.mat using Guid(f863523e21bfb50499af687b7ec203ba) Importer(815301076,1909f56bfc062723c751e8b465ee728b)  -> (artifact id: '8a8819ef51db7a7642df8d2d471a9c50') in 0.236474 seconds 
  Import took 0.259630 seconds .

========================================================================
Received Import Request.
  Time since last request: 0.001110 seconds.
  path: Assets/Ancient Modular Tombs/Materials/Vase_1.mat
  artifactKey: Guid(6dab898b1b6bd6a4f9a6beb220e50fcb) Importer(815301076,1909f56bfc062723c751e8b465ee728b)
Start importing Assets/Ancient Modular Tombs/Materials/Vase_1.mat using Guid(6dab898b1b6bd6a4f9a6beb220e50fcb) Importer(815301076,1909f56bfc062723c751e8b465ee728b)  -> (artifact id: 'd58090eacb2b64b138a0359b10ab842e') in 0.100142 seconds 
  Import took 0.112993 seconds .

========================================================================
Received Import Request.
  Time since last request: 0.001175 seconds.
  path: Assets/Ancient Modular Tombs/Materials/Tile.mat
  artifactKey: Guid(743b374472681ee4497fa69464c7db9e) Importer(815301076,1909f56bfc062723c751e8b465ee728b)
Start importing Assets/Ancient Modular Tombs/Materials/Tile.mat using Guid(743b374472681ee4497fa69464c7db9e) Importer(815301076,1909f56bfc062723c751e8b465ee728b)  -> (artifact id: '85b296761ffce0f9dbba7c11e3c92ac3') in 0.298091 seconds 
  Import took 0.316260 seconds .

========================================================================
Received Import Request.
  Time since last request: 0.001140 seconds.
  path: Assets/Ancient Modular Tombs/Materials/Hand_torchfire.mat
  artifactKey: Guid(362a298bd7042f243b680c2a8992ccae) Importer(815301076,1909f56bfc062723c751e8b465ee728b)
Start importing Assets/Ancient Modular Tombs/Materials/Hand_torchfire.mat using Guid(362a298bd7042f243b680c2a8992ccae) Importer(815301076,1909f56bfc062723c751e8b465ee728b)  -> (artifact id: 'd98191033f70be38e22411bab8d04e22') in 0.143487 seconds 
  Import took 0.156451 seconds .

========================================================================
Received Import Request.
  Time since last request: 0.004228 seconds.
  path: Assets/Ancient Modular Tombs/Materials/SmokeBright.mat
  artifactKey: Guid(bf941f24c443990409a667e25014303d) Importer(815301076,1909f56bfc062723c751e8b465ee728b)
Start importing Assets/Ancient Modular Tombs/Materials/SmokeBright.mat using Guid(bf941f24c443990409a667e25014303d) Importer(815301076,1909f56bfc062723c751e8b465ee728b)  -> (artifact id: '309073fe737586d1d4f4117af648d2b8') in 0.049322 seconds 
  Import took 0.062893 seconds .

========================================================================
Received Import Request.
  Time since last request: 0.001252 seconds.
  path: Assets/Ancient Modular Tombs/Materials/Rock_3.mat
  artifactKey: Guid(fb6b0af3501d80f45875f0db6a6d4516) Importer(815301076,1909f56bfc062723c751e8b465ee728b)
Start importing Assets/Ancient Modular Tombs/Materials/Rock_3.mat using Guid(fb6b0af3501d80f45875f0db6a6d4516) Importer(815301076,1909f56bfc062723c751e8b465ee728b)  -> (artifact id: '06fe21185f6ce8cd93cbe15a10cb319d') in 0.565393 seconds 
  Import took 0.579271 seconds .

========================================================================
Received Import Request.
  Time since last request: 0.001013 seconds.
  path: Assets/Ancient Modular Tombs/Materials/Column.mat
  artifactKey: Guid(40c0b97af8b33aa49a8631b2a36d4871) Importer(815301076,1909f56bfc062723c751e8b465ee728b)
Start importing Assets/Ancient Modular Tombs/Materials/Column.mat using Guid(40c0b97af8b33aa49a8631b2a36d4871) Importer(815301076,1909f56bfc062723c751e8b465ee728b)  -> (artifact id: '0ef46ea10fc738ec6d48726f25f92595') in 0.176700 seconds 
  Import took 0.206348 seconds .

========================================================================
Received Import Request.
  Time since last request: 0.001102 seconds.
  path: Assets/Ancient Modular Tombs/Materials/Vase_1_v2.mat
  artifactKey: Guid(3d92bdbbf43689b45ae521310cfcfd4f) Importer(815301076,1909f56bfc062723c751e8b465ee728b)
Start importing Assets/Ancient Modular Tombs/Materials/Vase_1_v2.mat using Guid(3d92bdbbf43689b45ae521310cfcfd4f) Importer(815301076,1909f56bfc062723c751e8b465ee728b)  -> (artifact id: 'b719341beba3a49dd8f75dbb02cb7d85') in 0.110244 seconds 
  Import took 0.122327 seconds .

========================================================================
Received Import Request.
  Time since last request: 0.001086 seconds.
  path: Assets/Ancient Modular Tombs/Materials/Demo_floor.mat
  artifactKey: Guid(f6c9741a573c25544beab037787eb624) Importer(815301076,1909f56bfc062723c751e8b465ee728b)
Start importing Assets/Ancient Modular Tombs/Materials/Demo_floor.mat using Guid(f6c9741a573c25544beab037787eb624) Importer(815301076,1909f56bfc062723c751e8b465ee728b)  -> (artifact id: '2c7b6c0254dc67637e8e982b3135c24d') in 0.019568 seconds 
  Import took 0.032142 seconds .

========================================================================
Received Import Request.
  Time since last request: 0.001231 seconds.
  path: Assets/Ancient Modular Tombs/Materials/Fire.mat
  artifactKey: Guid(b092e55ae389faf4bbf66ffa99a01ae8) Importer(815301076,1909f56bfc062723c751e8b465ee728b)
Start importing Assets/Ancient Modular Tombs/Materials/Fire.mat using Guid(b092e55ae389faf4bbf66ffa99a01ae8) Importer(815301076,1909f56bfc062723c751e8b465ee728b)  -> (artifact id: '14e65d88dd2d70389d75eb99b38a1737') in 0.017034 seconds 
  Import took 0.049049 seconds .

========================================================================
Received Import Request.
  Time since last request: 0.001212 seconds.
  path: Assets/Ancient Modular Tombs/Materials/Fire_Bright.mat
  artifactKey: Guid(1b97c727c73c335458faee0f7f1ebf89) Importer(815301076,1909f56bfc062723c751e8b465ee728b)
Start importing Assets/Ancient Modular Tombs/Materials/Fire_Bright.mat using Guid(1b97c727c73c335458faee0f7f1ebf89) Importer(815301076,1909f56bfc062723c751e8b465ee728b)  -> (artifact id: 'dee9d0b77f98913a0c6be6b0f24b9ea5') in 0.057757 seconds 
  Import took 0.083810 seconds .

========================================================================
Received Import Request.
  Time since last request: 0.001254 seconds.
  path: Assets/Ancient Modular Tombs/Materials/Rock_2.mat
  artifactKey: Guid(d656acec93ba0344db4f96d2dbe03de1) Importer(815301076,1909f56bfc062723c751e8b465ee728b)
Start importing Assets/Ancient Modular Tombs/Materials/Rock_2.mat using Guid(d656acec93ba0344db4f96d2dbe03de1) Importer(815301076,1909f56bfc062723c751e8b465ee728b)  -> (artifact id: 'c36e47d21631f7058e3b72a3e1c38bbd') in 0.139043 seconds 
  Import took 0.162833 seconds .

========================================================================
Received Import Request.
  Time since last request: 0.001192 seconds.
  path: Assets/Ancient Modular Tombs/Materials/Pyramid enter.mat
  artifactKey: Guid(ca3239e7303a14d4bb66d48a08984081) Importer(815301076,1909f56bfc062723c751e8b465ee728b)
Start importing Assets/Ancient Modular Tombs/Materials/Pyramid enter.mat using Guid(ca3239e7303a14d4bb66d48a08984081) Importer(815301076,1909f56bfc062723c751e8b465ee728b)  -> (artifact id: 'a62e254482b1f09aecbf65fd0310e3eb') in 0.622345 seconds 
  Import took 0.642796 seconds .

========================================================================
Received Import Request.
  Time since last request: 0.001119 seconds.
  path: Assets/Ancient Modular Tombs/Materials/FireSparkle.mat
  artifactKey: Guid(b82c21db99459ed44bd1f4a73dfc6dd3) Importer(815301076,1909f56bfc062723c751e8b465ee728b)
Start importing Assets/Ancient Modular Tombs/Materials/FireSparkle.mat using Guid(b82c21db99459ed44bd1f4a73dfc6dd3) Importer(815301076,1909f56bfc062723c751e8b465ee728b)  -> (artifact id: '6a946513c94a7b0f8f278ab1ea47ab21') in 0.026687 seconds 
  Import took 0.037530 seconds .

========================================================================
Received Import Request.
  Time since last request: 0.001182 seconds.
  path: Assets/Ancient Modular Tombs/Materials/Rock_1.mat
  artifactKey: Guid(5654f31872f1e934bbfad7ae492ea3ab) Importer(815301076,1909f56bfc062723c751e8b465ee728b)
Start importing Assets/Ancient Modular Tombs/Materials/Rock_1.mat using Guid(5654f31872f1e934bbfad7ae492ea3ab) Importer(815301076,1909f56bfc062723c751e8b465ee728b)  -> (artifact id: 'e33b1cf41e4c836badcb4884da9bd20c') in 0.170522 seconds 
  Import took 0.192189 seconds .

========================================================================
Received Import Request.
  Time since last request: 404.384384 seconds.
  path: Assets/Readme.asset
  artifactKey: Guid(83c2ed844a8c74b779a4c823d16594b1) Importer(815301076,1909f56bfc062723c751e8b465ee728b)
Start importing Assets/Readme.asset using Guid(83c2ed844a8c74b779a4c823d16594b1) Importer(815301076,1909f56bfc062723c751e8b465ee728b)  -> (artifact id: 'e560e0aa6ed1778b635081296c702a2e') in 0.019247 seconds 
  Import took 0.101401 seconds .

========================================================================
Received Import Request.
  Time since last request: 0.001292 seconds.
  path: Assets/UniversalRenderPipelineAsset_Renderer.asset
  artifactKey: Guid(7ab60607d364b694db0b7adc0f31b048) Importer(815301076,1909f56bfc062723c751e8b465ee728b)
Start importing Assets/UniversalRenderPipelineAsset_Renderer.asset using Guid(7ab60607d364b694db0b7adc0f31b048) Importer(815301076,1909f56bfc062723c751e8b465ee728b)  -> (artifact id: 'aa2cbfa3561e0444355fd064c9dd26b6') in 0.061830 seconds 
  Import took 0.094152 seconds .

========================================================================
Received Import Request.
  Time since last request: 0.001229 seconds.
  path: Assets/UniversalRenderPipelineAsset.asset
  artifactKey: Guid(bc35c9319277a5b4e96e84024c82b10d) Importer(815301076,1909f56bfc062723c751e8b465ee728b)
Start importing Assets/UniversalRenderPipelineAsset.asset using Guid(bc35c9319277a5b4e96e84024c82b10d) Importer(815301076,1909f56bfc062723c751e8b465ee728b)  -> (artifact id: 'ee41614c61531f6fd0cc073725ae93e9') in 0.004588 seconds 
  Import took 0.027437 seconds .

========================================================================
Received Prepare
Registering precompiled user dll's ...
Registered in 0.005201 seconds.
Begin MonoManager ReloadAssembly
Native extension for WindowsStandalone target not found
Refreshing native plugins compatible for Editor in 0.96 ms, found 6 plugins.
Preloading 1 native plugins for Editor in 0.07 ms.
System.Reflection.TargetInvocationException: Exception has been thrown by the target of an invocation. ---> System.NullReferenceException: Object reference not set to an instance of an object
  at Unity.XR.Oculus.OculusLoader.AssetPathToAbsolutePath (System.String assetPath) [0x00048] in F:\CoVRE\CoVRE_v2\Library\PackageCache\com.unity.xr.oculus@1.10.0\Runtime\OculusLoader.cs:250 
  at Unity.XR.Oculus.OculusLoader.EditorLoadOVRPlugin () [0x0007b] in F:\CoVRE\CoVRE_v2\Library\PackageCache\com.unity.xr.oculus@1.10.0\Runtime\OculusLoader.cs:235 
  at (wrapper managed-to-native) System.Reflection.MonoMethod.InternalInvoke(System.Reflection.MonoMethod,object,object[],System.Exception&)
  at System.Reflection.MonoMethod.Invoke (System.Object obj, System.Reflection.BindingFlags invokeAttr, System.Reflection.Binder binder, System.Object[] parameters, System.Globalization.CultureInfo culture) [0x00032] in <695d1cc93cca45069c528c15c9fdd749>:0 
   --- End of inner exception stack trace ---
  at System.Reflection.MonoMethod.Invoke (System.Object obj, System.Reflection.BindingFlags invokeAttr, System.Reflection.Binder binder, System.Object[] parameters, System.Globalization.CultureInfo culture) [0x00048] in <695d1cc93cca45069c528c15c9fdd749>:0 
  at System.Reflection.MethodBase.Invoke (System.Object obj, System.Object[] parameters) [0x00000] in <695d1cc93cca45069c528c15c9fdd749>:0 
  at UnityEditor.EditorAssemblies.ProcessInitializeOnLoadMethodAttributes () [0x00047] in <97ba64834c8f4edc84e3d8e30b04f122>:0 
UnityEngine.StackTraceUtility:ExtractStackTrace ()
UnityEngine.DebugLogHandler:LogFormat (UnityEngine.LogType,UnityEngine.Object,string,object[])
UnityEngine.Logger:Log (UnityEngine.LogType,object)
UnityEngine.Debug:LogError (object)
UnityEditor.EditorAssemblies:ProcessInitializeOnLoadMethodAttributes ()

Mono: successfully reloaded assembly
- Completed reload, in  1.230 seconds
Domain Reload Profiling:
	ReloadAssembly (1231ms)
		BeginReloadAssembly (144ms)
			ExecutionOrderSort (0ms)
			DisableScriptedObjects (6ms)
			BackupInstance (0ms)
			ReleaseScriptingObjects (0ms)
			CreateAndSetChildDomain (42ms)
		EndReloadAssembly (1021ms)
			LoadAssemblies (104ms)
			RebuildTransferFunctionScriptingTraits (0ms)
			SetupTypeCache (361ms)
			ReleaseScriptCaches (2ms)
			RebuildScriptCaches (54ms)
			SetupLoadedEditorAssemblies (365ms)
				LogAssemblyErrors (0ms)
				InitializePlatformSupportModulesInManaged (4ms)
				SetLoadedEditorAssemblies (0ms)
				RefreshPlugins (3ms)
				BeforeProcessingInitializeOnLoad (60ms)
				ProcessInitializeOnLoadAttributes (279ms)
				ProcessInitializeOnLoadMethodAttributes (14ms)
				AfterProcessingInitializeOnLoad (4ms)
				EditorAssembliesLoaded (0ms)
			ExecutionOrderSort2 (0ms)
			AwakeInstancesAfterBackupRestoration (18ms)
Platform modules already initialized, skipping
Switching build target platform(19) subTarget(0) extendedPlatform(0) -> platform(13) subTarget(524288) extendedPlatform(0)
Refreshing native plugins compatible for Editor in 0.95 ms, found 6 plugins.
Preloading 1 native plugins for Editor in 0.06 ms.
Unloading 3519 Unused Serialized files (Serialized files now loaded: 0)
System memory in use before: 180.6 MB.
System memory in use after: 180.8 MB.

Unloading 26 unused Assets to reduce memory usage. Loaded Objects now: 4214.
Total: 3.592600 ms (FindLiveObjects: 0.369300 ms CreateObjectMapping: 0.101600 ms MarkObjects: 3.046400 ms  DeleteObjects: 0.074000 ms)

AssetImportParameters requested are different than current active one (requested -> active):
  custom:framework-win-MediaFoundation: 216162199b28c13a410421893ffa2e32 -> 
  custom:video-decoder-ogg-theora: a1e56fd34408186e4bbccfd4996cb3dc -> 
  custom:container-muxer-webm: aa71ff27fc2769a1b78a27578f13a17b -> 
  custom:container-demuxer-webm: 4f35f7cbe854078d1ac9338744f61a02 -> 
  custom:container-demuxer-ogg: 62fdf1f143b41e24485cea50d1cbac27 -> 
  custom:video-encoder-webm-vp8: eb34c28f22e8b96e1ab97ce403110664 -> 
  custom:video-decoder-webm-vp8: 9c59270c3fd7afecdb556c50c9e8de78 -> 
  custom:graphics/normal-map-encoding: 01000000000000000000000000000000 -> 02000000000000000000000000000000
  custom:audio-decoder-ogg-vorbis: bf7c407c2cedff20999df2af8eb42d56 -> 
  custom:audio-encoder-webm-vorbis: bf7c407c2cedff20999df2af8eb42d56 -> 
========================================================================
Received Import Request.
  Time since last request: 7.641342 seconds.
  path: Assets/LiftScript.cs
  artifactKey: Guid(7292f6dff2447b1468d46c07eb214de9) Importer(815301076,1909f56bfc062723c751e8b465ee728b)
Start importing Assets/LiftScript.cs using Guid(7292f6dff2447b1468d46c07eb214de9) Importer(815301076,1909f56bfc062723c751e8b465ee728b)  -> (artifact id: '7e9a434c551cfb98937d0cddfe45a075') in 0.097567 seconds 
  Import took 0.109588 seconds .

========================================================================
Received Prepare
Registering precompiled user dll's ...
Registered in 0.004852 seconds.
Begin MonoManager ReloadAssembly
Native extension for WindowsStandalone target not found
Refreshing native plugins compatible for Editor in 0.91 ms, found 6 plugins.
Preloading 1 native plugins for Editor in 0.05 ms.
System.Reflection.TargetInvocationException: Exception has been thrown by the target of an invocation. ---> System.NullReferenceException: Object reference not set to an instance of an object
  at Unity.XR.Oculus.OculusLoader.AssetPathToAbsolutePath (System.String assetPath) [0x00048] in F:\CoVRE\CoVRE_v2\Library\PackageCache\com.unity.xr.oculus@1.10.0\Runtime\OculusLoader.cs:250 
  at Unity.XR.Oculus.OculusLoader.EditorLoadOVRPlugin () [0x0007b] in F:\CoVRE\CoVRE_v2\Library\PackageCache\com.unity.xr.oculus@1.10.0\Runtime\OculusLoader.cs:235 
  at (wrapper managed-to-native) System.Reflection.MonoMethod.InternalInvoke(System.Reflection.MonoMethod,object,object[],System.Exception&)
  at System.Reflection.MonoMethod.Invoke (System.Object obj, System.Reflection.BindingFlags invokeAttr, System.Reflection.Binder binder, System.Object[] parameters, System.Globalization.CultureInfo culture) [0x00032] in <695d1cc93cca45069c528c15c9fdd749>:0 
   --- End of inner exception stack trace ---
  at System.Reflection.MonoMethod.Invoke (System.Object obj, System.Reflection.BindingFlags invokeAttr, System.Reflection.Binder binder, System.Object[] parameters, System.Globalization.CultureInfo culture) [0x00048] in <695d1cc93cca45069c528c15c9fdd749>:0 
  at System.Reflection.MethodBase.Invoke (System.Object obj, System.Object[] parameters) [0x00000] in <695d1cc93cca45069c528c15c9fdd749>:0 
  at UnityEditor.EditorAssemblies.ProcessInitializeOnLoadMethodAttributes () [0x00047] in <97ba64834c8f4edc84e3d8e30b04f122>:0 
UnityEngine.StackTraceUtility:ExtractStackTrace ()
UnityEngine.DebugLogHandler:LogFormat (UnityEngine.LogType,UnityEngine.Object,string,object[])
UnityEngine.Logger:Log (UnityEngine.LogType,object)
UnityEngine.Debug:LogError (object)
UnityEditor.EditorAssemblies:ProcessInitializeOnLoadMethodAttributes ()

Mono: successfully reloaded assembly
- Completed reload, in  1.144 seconds
Domain Reload Profiling:
	ReloadAssembly (1145ms)
		BeginReloadAssembly (109ms)
			ExecutionOrderSort (0ms)
			DisableScriptedObjects (4ms)
			BackupInstance (0ms)
			ReleaseScriptingObjects (0ms)
			CreateAndSetChildDomain (35ms)
		EndReloadAssembly (983ms)
			LoadAssemblies (85ms)
			RebuildTransferFunctionScriptingTraits (0ms)
			SetupTypeCache (300ms)
			ReleaseScriptCaches (1ms)
			RebuildScriptCaches (48ms)
			SetupLoadedEditorAssemblies (390ms)
				LogAssemblyErrors (0ms)
				InitializePlatformSupportModulesInManaged (3ms)
				SetLoadedEditorAssemblies (0ms)
				RefreshPlugins (1ms)
				BeforeProcessingInitializeOnLoad (59ms)
				ProcessInitializeOnLoadAttributes (307ms)
				ProcessInitializeOnLoadMethodAttributes (15ms)
				AfterProcessingInitializeOnLoad (3ms)
				EditorAssembliesLoaded (0ms)
			ExecutionOrderSort2 (0ms)
			AwakeInstancesAfterBackupRestoration (17ms)
Platform modules already initialized, skipping
Switching build target platform(19) subTarget(0) extendedPlatform(0) -> platform(13) subTarget(524288) extendedPlatform(0)
Refreshing native plugins compatible for Editor in 0.96 ms, found 6 plugins.
Preloading 1 native plugins for Editor in 0.06 ms.
Unloading 3519 Unused Serialized files (Serialized files now loaded: 0)
System memory in use before: 189.3 MB.
System memory in use after: 189.5 MB.

Unloading 26 unused Assets to reduce memory usage. Loaded Objects now: 4217.
Total: 3.889100 ms (FindLiveObjects: 0.390100 ms CreateObjectMapping: 0.102000 ms MarkObjects: 3.318500 ms  DeleteObjects: 0.076500 ms)

AssetImportParameters requested are different than current active one (requested -> active):
  custom:framework-win-MediaFoundation: 216162199b28c13a410421893ffa2e32 -> 
  custom:video-decoder-ogg-theora: a1e56fd34408186e4bbccfd4996cb3dc -> 
  custom:container-muxer-webm: aa71ff27fc2769a1b78a27578f13a17b -> 
  custom:container-demuxer-webm: 4f35f7cbe854078d1ac9338744f61a02 -> 
  custom:container-demuxer-ogg: 62fdf1f143b41e24485cea50d1cbac27 -> 
  custom:video-encoder-webm-vp8: eb34c28f22e8b96e1ab97ce403110664 -> 
  custom:video-decoder-webm-vp8: 9c59270c3fd7afecdb556c50c9e8de78 -> 
  custom:graphics/normal-map-encoding: 01000000000000000000000000000000 -> 02000000000000000000000000000000
  custom:audio-decoder-ogg-vorbis: bf7c407c2cedff20999df2af8eb42d56 -> 
  custom:audio-encoder-webm-vorbis: bf7c407c2cedff20999df2af8eb42d56 -> 
========================================================================
Received Prepare
Registering precompiled user dll's ...
Registered in 0.005056 seconds.
Begin MonoManager ReloadAssembly
Native extension for WindowsStandalone target not found
Refreshing native plugins compatible for Editor in 0.90 ms, found 6 plugins.
Preloading 1 native plugins for Editor in 0.05 ms.
System.Reflection.TargetInvocationException: Exception has been thrown by the target of an invocation. ---> System.NullReferenceException: Object reference not set to an instance of an object
  at Unity.XR.Oculus.OculusLoader.AssetPathToAbsolutePath (System.String assetPath) [0x00048] in F:\CoVRE\CoVRE_v2\Library\PackageCache\com.unity.xr.oculus@1.10.0\Runtime\OculusLoader.cs:250 
  at Unity.XR.Oculus.OculusLoader.EditorLoadOVRPlugin () [0x0007b] in F:\CoVRE\CoVRE_v2\Library\PackageCache\com.unity.xr.oculus@1.10.0\Runtime\OculusLoader.cs:235 
  at (wrapper managed-to-native) System.Reflection.MonoMethod.InternalInvoke(System.Reflection.MonoMethod,object,object[],System.Exception&)
  at System.Reflection.MonoMethod.Invoke (System.Object obj, System.Reflection.BindingFlags invokeAttr, System.Reflection.Binder binder, System.Object[] parameters, System.Globalization.CultureInfo culture) [0x00032] in <695d1cc93cca45069c528c15c9fdd749>:0 
   --- End of inner exception stack trace ---
  at System.Reflection.MonoMethod.Invoke (System.Object obj, System.Reflection.BindingFlags invokeAttr, System.Reflection.Binder binder, System.Object[] parameters, System.Globalization.CultureInfo culture) [0x00048] in <695d1cc93cca45069c528c15c9fdd749>:0 
  at System.Reflection.MethodBase.Invoke (System.Object obj, System.Object[] parameters) [0x00000] in <695d1cc93cca45069c528c15c9fdd749>:0 
  at UnityEditor.EditorAssemblies.ProcessInitializeOnLoadMethodAttributes () [0x00047] in <97ba64834c8f4edc84e3d8e30b04f122>:0 
UnityEngine.StackTraceUtility:ExtractStackTrace ()
UnityEngine.DebugLogHandler:LogFormat (UnityEngine.LogType,UnityEngine.Object,string,object[])
UnityEngine.Logger:Log (UnityEngine.LogType,object)
UnityEngine.Debug:LogError (object)
UnityEditor.EditorAssemblies:ProcessInitializeOnLoadMethodAttributes ()

Mono: successfully reloaded assembly
- Completed reload, in  1.042 seconds
Domain Reload Profiling:
	ReloadAssembly (1043ms)
		BeginReloadAssembly (121ms)
			ExecutionOrderSort (0ms)
			DisableScriptedObjects (6ms)
			BackupInstance (0ms)
			ReleaseScriptingObjects (0ms)
			CreateAndSetChildDomain (33ms)
		EndReloadAssembly (865ms)
			LoadAssemblies (100ms)
			RebuildTransferFunctionScriptingTraits (0ms)
			SetupTypeCache (277ms)
			ReleaseScriptCaches (1ms)
			RebuildScriptCaches (43ms)
			SetupLoadedEditorAssemblies (337ms)
				LogAssemblyErrors (0ms)
				InitializePlatformSupportModulesInManaged (3ms)
				SetLoadedEditorAssemblies (0ms)
				RefreshPlugins (2ms)
				BeforeProcessingInitializeOnLoad (58ms)
				ProcessInitializeOnLoadAttributes (259ms)
				ProcessInitializeOnLoadMethodAttributes (12ms)
				AfterProcessingInitializeOnLoad (2ms)
				EditorAssembliesLoaded (0ms)
			ExecutionOrderSort2 (0ms)
			AwakeInstancesAfterBackupRestoration (12ms)
Platform modules already initialized, skipping
Switching build target platform(19) subTarget(0) extendedPlatform(0) -> platform(13) subTarget(524288) extendedPlatform(0)
Refreshing native plugins compatible for Editor in 0.85 ms, found 6 plugins.
Preloading 1 native plugins for Editor in 0.05 ms.
Unloading 3519 Unused Serialized files (Serialized files now loaded: 0)
System memory in use before: 180.6 MB.
System memory in use after: 180.8 MB.

Unloading 26 unused Assets to reduce memory usage. Loaded Objects now: 4220.
Total: 3.462600 ms (FindLiveObjects: 0.370400 ms CreateObjectMapping: 0.102100 ms MarkObjects: 2.923000 ms  DeleteObjects: 0.065700 ms)

AssetImportParameters requested are different than current active one (requested -> active):
  custom:framework-win-MediaFoundation: 216162199b28c13a410421893ffa2e32 -> 
  custom:video-decoder-ogg-theora: a1e56fd34408186e4bbccfd4996cb3dc -> 
  custom:container-muxer-webm: aa71ff27fc2769a1b78a27578f13a17b -> 
  custom:container-demuxer-webm: 4f35f7cbe854078d1ac9338744f61a02 -> 
  custom:container-demuxer-ogg: 62fdf1f143b41e24485cea50d1cbac27 -> 
  custom:video-encoder-webm-vp8: eb34c28f22e8b96e1ab97ce403110664 -> 
  custom:video-decoder-webm-vp8: 9c59270c3fd7afecdb556c50c9e8de78 -> 
  custom:graphics/normal-map-encoding: 01000000000000000000000000000000 -> 02000000000000000000000000000000
  custom:audio-decoder-ogg-vorbis: bf7c407c2cedff20999df2af8eb42d56 -> 
  custom:audio-encoder-webm-vorbis: bf7c407c2cedff20999df2af8eb42d56 -> 
========================================================================
Received Import Request.
  Time since last request: 119.773828 seconds.
  path: Assets/Ancient Modular Tombs/Scripts/LiftScript.cs
  artifactKey: Guid(7292f6dff2447b1468d46c07eb214de9) Importer(815301076,1909f56bfc062723c751e8b465ee728b)
Start importing Assets/Ancient Modular Tombs/Scripts/LiftScript.cs using Guid(7292f6dff2447b1468d46c07eb214de9) Importer(815301076,1909f56bfc062723c751e8b465ee728b)  -> (artifact id: '7ec73184c1d565635b31c77ae49f3927') in 0.006631 seconds 
  Import took 0.017310 seconds .

========================================================================
Received Prepare
Registering precompiled user dll's ...
Registered in 0.005281 seconds.
Begin MonoManager ReloadAssembly
Native extension for WindowsStandalone target not found
Refreshing native plugins compatible for Editor in 0.85 ms, found 6 plugins.
Preloading 1 native plugins for Editor in 0.05 ms.
System.Reflection.TargetInvocationException: Exception has been thrown by the target of an invocation. ---> System.NullReferenceException: Object reference not set to an instance of an object
  at Unity.XR.Oculus.OculusLoader.AssetPathToAbsolutePath (System.String assetPath) [0x00048] in F:\CoVRE\CoVRE_v2\Library\PackageCache\com.unity.xr.oculus@1.10.0\Runtime\OculusLoader.cs:250 
  at Unity.XR.Oculus.OculusLoader.EditorLoadOVRPlugin () [0x0007b] in F:\CoVRE\CoVRE_v2\Library\PackageCache\com.unity.xr.oculus@1.10.0\Runtime\OculusLoader.cs:235 
  at (wrapper managed-to-native) System.Reflection.MonoMethod.InternalInvoke(System.Reflection.MonoMethod,object,object[],System.Exception&)
  at System.Reflection.MonoMethod.Invoke (System.Object obj, System.Reflection.BindingFlags invokeAttr, System.Reflection.Binder binder, System.Object[] parameters, System.Globalization.CultureInfo culture) [0x00032] in <695d1cc93cca45069c528c15c9fdd749>:0 
   --- End of inner exception stack trace ---
  at System.Reflection.MonoMethod.Invoke (System.Object obj, System.Reflection.BindingFlags invokeAttr, System.Reflection.Binder binder, System.Object[] parameters, System.Globalization.CultureInfo culture) [0x00048] in <695d1cc93cca45069c528c15c9fdd749>:0 
  at System.Reflection.MethodBase.Invoke (System.Object obj, System.Object[] parameters) [0x00000] in <695d1cc93cca45069c528c15c9fdd749>:0 
  at UnityEditor.EditorAssemblies.ProcessInitializeOnLoadMethodAttributes () [0x00047] in <97ba64834c8f4edc84e3d8e30b04f122>:0 
UnityEngine.StackTraceUtility:ExtractStackTrace ()
UnityEngine.DebugLogHandler:LogFormat (UnityEngine.LogType,UnityEngine.Object,string,object[])
UnityEngine.Logger:Log (UnityEngine.LogType,object)
UnityEngine.Debug:LogError (object)
UnityEditor.EditorAssemblies:ProcessInitializeOnLoadMethodAttributes ()

Mono: successfully reloaded assembly
- Completed reload, in  1.073 seconds
Domain Reload Profiling:
	ReloadAssembly (1074ms)
		BeginReloadAssembly (108ms)
			ExecutionOrderSort (0ms)
			DisableScriptedObjects (4ms)
			BackupInstance (0ms)
			ReleaseScriptingObjects (0ms)
			CreateAndSetChildDomain (34ms)
		EndReloadAssembly (910ms)
			LoadAssemblies (93ms)
			RebuildTransferFunctionScriptingTraits (0ms)
			SetupTypeCache (283ms)
			ReleaseScriptCaches (1ms)
			RebuildScriptCaches (42ms)
			SetupLoadedEditorAssemblies (358ms)
				LogAssemblyErrors (0ms)
				InitializePlatformSupportModulesInManaged (4ms)
				SetLoadedEditorAssemblies (0ms)
				RefreshPlugins (1ms)
				BeforeProcessingInitializeOnLoad (60ms)
				ProcessInitializeOnLoadAttributes (277ms)
				ProcessInitializeOnLoadMethodAttributes (12ms)
				AfterProcessingInitializeOnLoad (2ms)
				EditorAssembliesLoaded (0ms)
			ExecutionOrderSort2 (0ms)
			AwakeInstancesAfterBackupRestoration (15ms)
Platform modules already initialized, skipping
Switching build target platform(19) subTarget(0) extendedPlatform(0) -> platform(13) subTarget(524288) extendedPlatform(0)
Refreshing native plugins compatible for Editor in 0.94 ms, found 6 plugins.
Preloading 1 native plugins for Editor in 0.07 ms.
Unloading 3519 Unused Serialized files (Serialized files now loaded: 0)
System memory in use before: 172.0 MB.
System memory in use after: 172.2 MB.

Unloading 26 unused Assets to reduce memory usage. Loaded Objects now: 4223.
Total: 3.669600 ms (FindLiveObjects: 0.399000 ms CreateObjectMapping: 0.102300 ms MarkObjects: 3.094400 ms  DeleteObjects: 0.072400 ms)

AssetImportParameters requested are different than current active one (requested -> active):
  custom:framework-win-MediaFoundation: 216162199b28c13a410421893ffa2e32 -> 
  custom:video-decoder-ogg-theora: a1e56fd34408186e4bbccfd4996cb3dc -> 
  custom:container-muxer-webm: aa71ff27fc2769a1b78a27578f13a17b -> 
  custom:container-demuxer-webm: 4f35f7cbe854078d1ac9338744f61a02 -> 
  custom:container-demuxer-ogg: 62fdf1f143b41e24485cea50d1cbac27 -> 
  custom:video-encoder-webm-vp8: eb34c28f22e8b96e1ab97ce403110664 -> 
  custom:video-decoder-webm-vp8: 9c59270c3fd7afecdb556c50c9e8de78 -> 
  custom:graphics/normal-map-encoding: 01000000000000000000000000000000 -> 02000000000000000000000000000000
  custom:audio-decoder-ogg-vorbis: bf7c407c2cedff20999df2af8eb42d56 -> 
  custom:audio-encoder-webm-vorbis: bf7c407c2cedff20999df2af8eb42d56 -> 
========================================================================
Received Import Request.
  Time since last request: 382.338263 seconds.
  path: Assets/Ancient Modular Tombs/Meshes/Anubis_statue.fbx
  artifactKey: Guid(88ac0c549bdc0a3449166db7c3410514) Importer(815301076,1909f56bfc062723c751e8b465ee728b)
Start importing Assets/Ancient Modular Tombs/Meshes/Anubis_statue.fbx using Guid(88ac0c549bdc0a3449166db7c3410514) Importer(815301076,1909f56bfc062723c751e8b465ee728b)  -> (artifact id: 'cfb33519af2d58d05fed1cc3f4f914ce') in 1.037059 seconds 
  Import took 1.060319 seconds .

========================================================================
Received Import Request.
  Time since last request: 0.001191 seconds.
  path: Assets/Ancient Modular Tombs/Meshes/Column_v3.fbx
  artifactKey: Guid(6f3d9bc58bea40a4292ea6aa99fb2785) Importer(815301076,1909f56bfc062723c751e8b465ee728b)
Start importing Assets/Ancient Modular Tombs/Meshes/Column_v3.fbx using Guid(6f3d9bc58bea40a4292ea6aa99fb2785) Importer(815301076,1909f56bfc062723c751e8b465ee728b)  -> (artifact id: 'f56ca4826fc6fb005df9e50c6f797f64') in 0.153160 seconds 
  Import took 0.187517 seconds .

========================================================================
Received Import Request.
  Time since last request: 0.001172 seconds.
  path: Assets/Ancient Modular Tombs/Meshes/Horus.fbx
  artifactKey: Guid(5ccb6b5bb22fa8648929a5d9320a996b) Importer(815301076,1909f56bfc062723c751e8b465ee728b)
Start importing Assets/Ancient Modular Tombs/Meshes/Horus.fbx using Guid(5ccb6b5bb22fa8648929a5d9320a996b) Importer(815301076,1909f56bfc062723c751e8b465ee728b)  -> (artifact id: '13336dce1d0778e4a22427e58a9454b2') in 0.141886 seconds 
  Import took 0.152886 seconds .

========================================================================
Received Import Request.
  Time since last request: 0.001560 seconds.
  path: Assets/Ancient Modular Tombs/Meshes/Rock_3.fbx
  artifactKey: Guid(c9b0b00c6cbd87349823f9c75bc6803b) Importer(815301076,1909f56bfc062723c751e8b465ee728b)
Start importing Assets/Ancient Modular Tombs/Meshes/Rock_3.fbx using Guid(c9b0b00c6cbd87349823f9c75bc6803b) Importer(815301076,1909f56bfc062723c751e8b465ee728b)  -> (artifact id: '5ea8341eab1cda68cc69c8689c32815d') in 0.316404 seconds 
  Import took 0.339543 seconds .

========================================================================
Received Import Request.
  Time since last request: 0.001107 seconds.
  path: Assets/Ancient Modular Tombs/Meshes/Rock_1.fbx
  artifactKey: Guid(8750428d9cd50544787219bcc3b1ef33) Importer(815301076,1909f56bfc062723c751e8b465ee728b)
Start importing Assets/Ancient Modular Tombs/Meshes/Rock_1.fbx using Guid(8750428d9cd50544787219bcc3b1ef33) Importer(815301076,1909f56bfc062723c751e8b465ee728b)  -> (artifact id: 'b3d442baa78d525021666afc5bd02c33') in 0.110718 seconds 
  Import took 0.121920 seconds .

========================================================================
Received Import Request.
  Time since last request: 0.001169 seconds.
  path: Assets/Ancient Modular Tombs/Meshes/Rock_2.fbx
  artifactKey: Guid(84f458573daeb224b99f4f9c96c9fe27) Importer(815301076,1909f56bfc062723c751e8b465ee728b)
Start importing Assets/Ancient Modular Tombs/Meshes/Rock_2.fbx using Guid(84f458573daeb224b99f4f9c96c9fe27) Importer(815301076,1909f56bfc062723c751e8b465ee728b)  -> (artifact id: 'b88cd95b0f6ed430b02eda4ff2c431ee') in 0.126770 seconds 
  Import took 0.142215 seconds .

========================================================================
Received Import Request.
  Time since last request: 0.001328 seconds.
  path: Assets/Ancient Modular Tombs/Meshes/Vase_1.fbx
  artifactKey: Guid(4583087d0a9f45042bf639ddfe47c723) Importer(815301076,1909f56bfc062723c751e8b465ee728b)
Start importing Assets/Ancient Modular Tombs/Meshes/Vase_1.fbx using Guid(4583087d0a9f45042bf639ddfe47c723) Importer(815301076,1909f56bfc062723c751e8b465ee728b)  -> (artifact id: '19b8d05bfc8b79a95f8e4ee2dee87d41') in 0.043921 seconds 
  Import took 0.065471 seconds .

========================================================================
Received Import Request.
  Time since last request: 0.001187 seconds.
  path: Assets/Ancient Modular Tombs/Meshes/Pyramid_horizon.fbx
  artifactKey: Guid(8de551de01e8d5342b4e90497632f4f6) Importer(815301076,1909f56bfc062723c751e8b465ee728b)
Start importing Assets/Ancient Modular Tombs/Meshes/Pyramid_horizon.fbx using Guid(8de551de01e8d5342b4e90497632f4f6) Importer(815301076,1909f56bfc062723c751e8b465ee728b)  -> (artifact id: 'b358c8a361e4ba5cdd329689b2541ff3') in 0.136617 seconds 
  Import took 0.155204 seconds .

========================================================================
Received Import Request.
  Time since last request: 0.001150 seconds.
  path: Assets/Ancient Modular Tombs/Meshes/Column.fbx
  artifactKey: Guid(49ff24e03d42d5b4899d08e493883cf8) Importer(815301076,1909f56bfc062723c751e8b465ee728b)
Start importing Assets/Ancient Modular Tombs/Meshes/Column.fbx using Guid(49ff24e03d42d5b4899d08e493883cf8) Importer(815301076,1909f56bfc062723c751e8b465ee728b)  -> (artifact id: 'f2b4035f65122947aa4d931fad939791') in 0.155857 seconds 
  Import took 0.177758 seconds .

========================================================================
Received Import Request.
  Time since last request: 0.001102 seconds.
  path: Assets/Ancient Modular Tombs/Meshes/Pyramid.fbx
  artifactKey: Guid(56dba5e453b11de40b27929e7842bb9e) Importer(815301076,1909f56bfc062723c751e8b465ee728b)
Start importing Assets/Ancient Modular Tombs/Meshes/Pyramid.fbx using Guid(56dba5e453b11de40b27929e7842bb9e) Importer(815301076,1909f56bfc062723c751e8b465ee728b)  -> (artifact id: '3546dbe78db0e73ed181fbc9e4ba5388') in 0.629953 seconds 
  Import took 0.642987 seconds .

========================================================================
Received Import Request.
  Time since last request: 0.001226 seconds.
  path: Assets/Ancient Modular Tombs/Meshes/Hand_Torchfire.fbx
  artifactKey: Guid(102f3dfe09e9753488dbb860688a01f7) Importer(815301076,1909f56bfc062723c751e8b465ee728b)
Start importing Assets/Ancient Modular Tombs/Meshes/Hand_Torchfire.fbx using Guid(102f3dfe09e9753488dbb860688a01f7) Importer(815301076,1909f56bfc062723c751e8b465ee728b)  -> (artifact id: 'f7e9418fe493c3de7e8d033367bc0851') in 0.061409 seconds 
  Import took 0.099282 seconds .

========================================================================
Received Import Request.
  Time since last request: 0.001130 seconds.
  path: Assets/Ancient Modular Tombs/Meshes/Column_v2.fbx
  artifactKey: Guid(04e460b489100a648ad84b040be986b2) Importer(815301076,1909f56bfc062723c751e8b465ee728b)
Start importing Assets/Ancient Modular Tombs/Meshes/Column_v2.fbx using Guid(04e460b489100a648ad84b040be986b2) Importer(815301076,1909f56bfc062723c751e8b465ee728b)  -> (artifact id: 'a7569aa11220be7bbe050375334c6b5d') in 0.137519 seconds 
  Import took 0.154919 seconds .

========================================================================
Received Import Request.
  Time since last request: 198.890899 seconds.
  path: Assets/Ancient Modular Tombs/Materials/Tile.mat
  artifactKey: Guid(743b374472681ee4497fa69464c7db9e) Importer(815301076,1909f56bfc062723c751e8b465ee728b)
Start importing Assets/Ancient Modular Tombs/Materials/Tile.mat using Guid(743b374472681ee4497fa69464c7db9e) Importer(815301076,1909f56bfc062723c751e8b465ee728b)  -> (artifact id: '8720e8684d17d2d7e1190f9368e18cf3') in 0.125647 seconds 
  Import took 0.159583 seconds .

AssetImportWorkerClient::OnTransportError - code=2 error=End of file
