Using pre-set license
Built from '2020.3/staging' branch; Version is '2020.3.19f1 (68f137dc9bbe) revision 6877495'; Using compiler version '192528614'; Build Type 'Release'
OS: 'Windows 10 Pro; OS build 19042.1288; Version 2009; 64bit' Language: 'en' Physical Memory: 16334 MB
BatchMode: 1, IsHumanControllingUs: 0, StartBugReporterOnCrash: 0, Is64bit: 1, IsPro: 0

COMMAND LINE ARGUMENTS:
F:\Unity Editors\2020.3.19f1\Editor\Unity.exe
-adb2
-batchMode
-noUpm
-name
AssetImportWorker0
-projectPath
F:/CoVRE/CoVRE_v2
-logFile
Logs/AssetImportWorker0.log
-srvPort
49681
Successfully changed project path to: F:/CoVRE/CoVRE_v2
F:/CoVRE/CoVRE_v2
Using Asset Import Pipeline V2.
Refreshing native plugins compatible for Editor in 66.77 ms, found 6 plugins.
Preloading 1 native plugins for Editor in 1.01 ms.
Initialize engine version: 2020.3.19f1 (68f137dc9bbe)
[Subsystems] Discovering subsystems at path F:/Unity Editors/2020.3.19f1/Editor/Data/Resources/UnitySubsystems
[Subsystems] Discovering subsystems at path F:/CoVRE/CoVRE_v2/Assets
GfxDevice: creating device client; threaded=0
Direct3D:
    Version:  Direct3D 11.0 [level 11.1]
    Renderer: NVIDIA GeForce GTX 1080 (ID=0x1b80)
    Vendor:   
    VRAM:     8079 MB
    Driver:   30.0.14.7168
Initialize mono
Mono path[0] = 'F:/Unity Editors/2020.3.19f1/Editor/Data/Managed'
Mono path[1] = 'F:/Unity Editors/2020.3.19f1/Editor/Data/MonoBleedingEdge/lib/mono/unityjit'
Mono config path = 'F:/Unity Editors/2020.3.19f1/Editor/Data/MonoBleedingEdge/etc'
Using monoOptions --debugger-agent=transport=dt_socket,embedding=1,server=y,suspend=n,address=127.0.0.1:56624
Begin MonoManager ReloadAssembly
Registering precompiled unity dll's ...
Register platform support module: F:/Unity Editors/2020.3.19f1/Editor/Data/PlaybackEngines/WindowsStandaloneSupport/UnityEditor.WindowsStandalone.Extensions.dll
Registered in 0.001318 seconds.
Native extension for WindowsStandalone target not found
Refreshing native plugins compatible for Editor in 62.14 ms, found 6 plugins.
Preloading 1 native plugins for Editor in 0.05 ms.
Mono: successfully reloaded assembly
- Completed reload, in  1.278 seconds
Domain Reload Profiling:
	ReloadAssembly (1279ms)
		BeginReloadAssembly (45ms)
			ExecutionOrderSort (0ms)
			DisableScriptedObjects (0ms)
			BackupInstance (0ms)
			ReleaseScriptingObjects (0ms)
			CreateAndSetChildDomain (1ms)
		EndReloadAssembly (374ms)
			LoadAssemblies (44ms)
			RebuildTransferFunctionScriptingTraits (0ms)
			SetupTypeCache (119ms)
			ReleaseScriptCaches (0ms)
			RebuildScriptCaches (25ms)
			SetupLoadedEditorAssemblies (161ms)
				LogAssemblyErrors (0ms)
				InitializePlatformSupportModulesInManaged (4ms)
				SetLoadedEditorAssemblies (0ms)
				RefreshPlugins (63ms)
				BeforeProcessingInitializeOnLoad (8ms)
				ProcessInitializeOnLoadAttributes (65ms)
				ProcessInitializeOnLoadMethodAttributes (21ms)
				AfterProcessingInitializeOnLoad (0ms)
				EditorAssembliesLoaded (0ms)
			ExecutionOrderSort2 (0ms)
			AwakeInstancesAfterBackupRestoration (0ms)
Platform modules already initialized, skipping
Registering precompiled user dll's ...
Registered in 0.004633 seconds.
Begin MonoManager ReloadAssembly
Native extension for WindowsStandalone target not found
Refreshing native plugins compatible for Editor in 63.13 ms, found 6 plugins.
Preloading 1 native plugins for Editor in 0.05 ms.
[XR] OculusXRPlugin: registering subsystems
[XR] Unable to register display lifecyle provider: [1]
[XR] Oculus Input lifecycle provider registered.
[XR] Unable to register input lifecyle provider: [1]
System.Reflection.TargetInvocationException: Exception has been thrown by the target of an invocation. ---> System.NullReferenceException: Object reference not set to an instance of an object
  at Unity.XR.Oculus.OculusLoader.AssetPathToAbsolutePath (System.String assetPath) [0x00048] in F:\CoVRE\CoVRE_v2\Library\PackageCache\com.unity.xr.oculus@1.10.0\Runtime\OculusLoader.cs:250 
  at Unity.XR.Oculus.OculusLoader.EditorLoadOVRPlugin () [0x0007b] in F:\CoVRE\CoVRE_v2\Library\PackageCache\com.unity.xr.oculus@1.10.0\Runtime\OculusLoader.cs:235 
  at (wrapper managed-to-native) System.Reflection.MonoMethod.InternalInvoke(System.Reflection.MonoMethod,object,object[],System.Exception&)
  at System.Reflection.MonoMethod.Invoke (System.Object obj, System.Reflection.BindingFlags invokeAttr, System.Reflection.Binder binder, System.Object[] parameters, System.Globalization.CultureInfo culture) [0x00032] in <695d1cc93cca45069c528c15c9fdd749>:0 
   --- End of inner exception stack trace ---
  at System.Reflection.MonoMethod.Invoke (System.Object obj, System.Reflection.BindingFlags invokeAttr, System.Reflection.Binder binder, System.Object[] parameters, System.Globalization.CultureInfo culture) [0x00048] in <695d1cc93cca45069c528c15c9fdd749>:0 
  at System.Reflection.MethodBase.Invoke (System.Object obj, System.Object[] parameters) [0x00000] in <695d1cc93cca45069c528c15c9fdd749>:0 
  at UnityEditor.EditorAssemblies.ProcessInitializeOnLoadMethodAttributes () [0x00047] in <97ba64834c8f4edc84e3d8e30b04f122>:0 
UnityEngine.StackTraceUtility:ExtractStackTrace ()
UnityEngine.DebugLogHandler:LogFormat (UnityEngine.LogType,UnityEngine.Object,string,object[])
UnityEngine.Logger:Log (UnityEngine.LogType,object)
UnityEngine.Debug:LogError (object)
UnityEditor.EditorAssemblies:ProcessInitializeOnLoadMethodAttributes ()

Mono: successfully reloaded assembly
- Completed reload, in  1.100 seconds
Domain Reload Profiling:
	ReloadAssembly (1101ms)
		BeginReloadAssembly (119ms)
			ExecutionOrderSort (0ms)
			DisableScriptedObjects (4ms)
			BackupInstance (0ms)
			ReleaseScriptingObjects (0ms)
			CreateAndSetChildDomain (16ms)
		EndReloadAssembly (933ms)
			LoadAssemblies (80ms)
			RebuildTransferFunctionScriptingTraits (0ms)
			SetupTypeCache (273ms)
			ReleaseScriptCaches (1ms)
			RebuildScriptCaches (50ms)
			SetupLoadedEditorAssemblies (427ms)
				LogAssemblyErrors (0ms)
				InitializePlatformSupportModulesInManaged (3ms)
				SetLoadedEditorAssemblies (0ms)
				RefreshPlugins (64ms)
				BeforeProcessingInitializeOnLoad (70ms)
				ProcessInitializeOnLoadAttributes (273ms)
				ProcessInitializeOnLoadMethodAttributes (15ms)
				AfterProcessingInitializeOnLoad (2ms)
				EditorAssembliesLoaded (0ms)
			ExecutionOrderSort2 (0ms)
			AwakeInstancesAfterBackupRestoration (4ms)
Platform modules already initialized, skipping
========================================================================
Worker process is ready to serve import requests
Launched and connected shader compiler UnityShaderCompiler.exe after 0.06 seconds
Refreshing native plugins compatible for Editor in 0.85 ms, found 6 plugins.
Preloading 1 native plugins for Editor in 0.06 ms.
Unloading 3653 Unused Serialized files (Serialized files now loaded: 0)
System memory in use before: 159.3 MB.
System memory in use after: 159.4 MB.

Unloading 33 unused Assets to reduce memory usage. Loaded Objects now: 4121.
Total: 3.696100 ms (FindLiveObjects: 0.355200 ms CreateObjectMapping: 0.101500 ms MarkObjects: 3.000100 ms  DeleteObjects: 0.238300 ms)

AssetImportParameters requested are different than current active one (requested -> active):
  custom:framework-win-MediaFoundation: 216162199b28c13a410421893ffa2e32 -> 
  custom:video-decoder-ogg-theora: a1e56fd34408186e4bbccfd4996cb3dc -> 
  custom:container-muxer-webm: aa71ff27fc2769a1b78a27578f13a17b -> 
  custom:container-demuxer-webm: 4f35f7cbe854078d1ac9338744f61a02 -> 
  custom:container-demuxer-ogg: 62fdf1f143b41e24485cea50d1cbac27 -> 
  custom:video-encoder-webm-vp8: eb34c28f22e8b96e1ab97ce403110664 -> 
  custom:video-decoder-webm-vp8: 9c59270c3fd7afecdb556c50c9e8de78 -> 
  custom:audio-decoder-ogg-vorbis: bf7c407c2cedff20999df2af8eb42d56 -> 
  custom:audio-encoder-webm-vorbis: bf7c407c2cedff20999df2af8eb42d56 -> 
========================================================================
Received Import Request.
  path: Assets/Ancient Modular Tombs/Prefabs
  artifactKey: Guid(e1dbae37ef13c804dbd8f2386f5db4e2) Importer(815301076,1909f56bfc062723c751e8b465ee728b)
Start importing Assets/Ancient Modular Tombs/Prefabs using Guid(e1dbae37ef13c804dbd8f2386f5db4e2) Importer(815301076,1909f56bfc062723c751e8b465ee728b)  -> (artifact id: '8eae07c4943152b4769aa0518662352b') in 0.008051 seconds 
  Import took 0.019376 seconds .

========================================================================
Received Import Request.
  Time since last request: 0.000798 seconds.
  path: Assets/Ancient Modular Tombs/Meshes
  artifactKey: Guid(13547bf6b6c440547b31bb7615969d79) Importer(815301076,1909f56bfc062723c751e8b465ee728b)
Start importing Assets/Ancient Modular Tombs/Meshes using Guid(13547bf6b6c440547b31bb7615969d79) Importer(815301076,1909f56bfc062723c751e8b465ee728b)  -> (artifact id: '6d8de83c305d700d7790d957705afb06') in 0.004312 seconds 
  Import took 0.015237 seconds .

========================================================================
Received Import Request.
  Time since last request: 0.777373 seconds.
  path: Assets/Ancient Modular Tombs/Prefabs/Anubis_statue.prefab
  artifactKey: Guid(b9fb85b1addbb464c89d10b08902dac2) Importer(815301076,1909f56bfc062723c751e8b465ee728b)
Start importing Assets/Ancient Modular Tombs/Prefabs/Anubis_statue.prefab using Guid(b9fb85b1addbb464c89d10b08902dac2) Importer(815301076,1909f56bfc062723c751e8b465ee728b)  -> (artifact id: 'e7b8638b4204fb24bac0615d313637a6') in 0.601070 seconds 
  Import took 0.611239 seconds .

========================================================================
Received Import Request.
  Time since last request: 0.700499 seconds.
  path: Assets/Ancient Modular Tombs/Prefabs/Arrow_shooter.prefab
  artifactKey: Guid(bd57dac190ebb2140a6521624b149fea) Importer(815301076,1909f56bfc062723c751e8b465ee728b)
Start importing Assets/Ancient Modular Tombs/Prefabs/Arrow_shooter.prefab using Guid(bd57dac190ebb2140a6521624b149fea) Importer(815301076,1909f56bfc062723c751e8b465ee728b)  -> (artifact id: '1aaa549cbf2f4b45f9bf929af1fa367e') in 0.456072 seconds 
  Import took 0.467180 seconds .

========================================================================
Received Import Request.
  Time since last request: 3.111695 seconds.
  path: Assets/Ancient Modular Tombs/Prefabs/Ceiling_5x5m.prefab
  artifactKey: Guid(37b670f256096b94cb0fc6b40c9a6462) Importer(815301076,1909f56bfc062723c751e8b465ee728b)
Start importing Assets/Ancient Modular Tombs/Prefabs/Ceiling_5x5m.prefab using Guid(37b670f256096b94cb0fc6b40c9a6462) Importer(815301076,1909f56bfc062723c751e8b465ee728b)  -> (artifact id: '9be561bb96e895d97a7dcb85ba99e0e9') in 0.251933 seconds 
  Import took 0.264601 seconds .

========================================================================
Received Import Request.
  Time since last request: 23.613109 seconds.
  path: Assets/Ancient Modular Tombs/Prefabs/Wall_10x5m.prefab
  artifactKey: Guid(ddccf1e3a197d634499e7bd1f946abc0) Importer(815301076,1909f56bfc062723c751e8b465ee728b)
Start importing Assets/Ancient Modular Tombs/Prefabs/Wall_10x5m.prefab using Guid(ddccf1e3a197d634499e7bd1f946abc0) Importer(815301076,1909f56bfc062723c751e8b465ee728b)  -> (artifact id: '1bc50c4f1d500e1f972015a6f016ab76') in 0.074967 seconds 
  Import took 0.084898 seconds .

========================================================================
Received Import Request.
  Time since last request: 60.725634 seconds.
  path: Assets/Ancient Modular Tombs/Prefabs/Wall_with_arrows_trap.prefab
  artifactKey: Guid(134c4c6de8e79de45b58979f301ba226) Importer(815301076,1909f56bfc062723c751e8b465ee728b)
Start importing Assets/Ancient Modular Tombs/Prefabs/Wall_with_arrows_trap.prefab using Guid(134c4c6de8e79de45b58979f301ba226) Importer(815301076,1909f56bfc062723c751e8b465ee728b)  -> (artifact id: 'd13b07e0f3f332cef439d0f9f9a24a70') in 0.211751 seconds 
  Import took 0.223868 seconds .

========================================================================
Received Import Request.
  Time since last request: 4.211466 seconds.
  path: Assets/Ancient Modular Tombs/Prefabs/Wall_painted_5x3.5m.prefab
  artifactKey: Guid(6e805aba459af8e4ca4ec73381d871bc) Importer(815301076,1909f56bfc062723c751e8b465ee728b)
Start importing Assets/Ancient Modular Tombs/Prefabs/Wall_painted_5x3.5m.prefab using Guid(6e805aba459af8e4ca4ec73381d871bc) Importer(815301076,1909f56bfc062723c751e8b465ee728b)  -> (artifact id: 'c783f38ecdd4d6649b2df35ffd1f2023') in 0.301338 seconds 
  Import took 0.315851 seconds .

========================================================================
Received Import Request.
  Time since last request: 2684.292768 seconds.
  path: Assets/Ancient Modular Tombs/Prefabs/Ceiling_10x10m.prefab
  artifactKey: Guid(bc7a1e843bea0834a8309a6fd31f1927) Importer(815301076,1909f56bfc062723c751e8b465ee728b)
Start importing Assets/Ancient Modular Tombs/Prefabs/Ceiling_10x10m.prefab using Guid(bc7a1e843bea0834a8309a6fd31f1927) Importer(815301076,1909f56bfc062723c751e8b465ee728b)  -> (artifact id: 'bdea0fa1173759d674d24529095b927d') in 0.321885 seconds 
  Import took 0.369589 seconds .

========================================================================
Received Prepare
Registering precompiled user dll's ...
Registered in 0.091728 seconds.
Begin MonoManager ReloadAssembly
Native extension for WindowsStandalone target not found
Refreshing native plugins compatible for Editor in 0.95 ms, found 6 plugins.
Preloading 1 native plugins for Editor in 0.05 ms.
System.Reflection.TargetInvocationException: Exception has been thrown by the target of an invocation. ---> System.NullReferenceException: Object reference not set to an instance of an object
  at Unity.XR.Oculus.OculusLoader.AssetPathToAbsolutePath (System.String assetPath) [0x00048] in F:\CoVRE\CoVRE_v2\Library\PackageCache\com.unity.xr.oculus@1.10.0\Runtime\OculusLoader.cs:250 
  at Unity.XR.Oculus.OculusLoader.EditorLoadOVRPlugin () [0x0007b] in F:\CoVRE\CoVRE_v2\Library\PackageCache\com.unity.xr.oculus@1.10.0\Runtime\OculusLoader.cs:235 
  at (wrapper managed-to-native) System.Reflection.MonoMethod.InternalInvoke(System.Reflection.MonoMethod,object,object[],System.Exception&)
  at System.Reflection.MonoMethod.Invoke (System.Object obj, System.Reflection.BindingFlags invokeAttr, System.Reflection.Binder binder, System.Object[] parameters, System.Globalization.CultureInfo culture) [0x00032] in <695d1cc93cca45069c528c15c9fdd749>:0 
   --- End of inner exception stack trace ---
  at System.Reflection.MonoMethod.Invoke (System.Object obj, System.Reflection.BindingFlags invokeAttr, System.Reflection.Binder binder, System.Object[] parameters, System.Globalization.CultureInfo culture) [0x00048] in <695d1cc93cca45069c528c15c9fdd749>:0 
  at System.Reflection.MethodBase.Invoke (System.Object obj, System.Object[] parameters) [0x00000] in <695d1cc93cca45069c528c15c9fdd749>:0 
  at UnityEditor.EditorAssemblies.ProcessInitializeOnLoadMethodAttributes () [0x00047] in <97ba64834c8f4edc84e3d8e30b04f122>:0 
UnityEngine.StackTraceUtility:ExtractStackTrace ()
UnityEngine.DebugLogHandler:LogFormat (UnityEngine.LogType,UnityEngine.Object,string,object[])
UnityEngine.Logger:Log (UnityEngine.LogType,object)
UnityEngine.Debug:LogError (object)
UnityEditor.EditorAssemblies:ProcessInitializeOnLoadMethodAttributes ()

Mono: successfully reloaded assembly
- Completed reload, in  3.408 seconds
Domain Reload Profiling:
	ReloadAssembly (3427ms)
		BeginReloadAssembly (971ms)
			ExecutionOrderSort (0ms)
			DisableScriptedObjects (139ms)
			BackupInstance (0ms)
			ReleaseScriptingObjects (0ms)
			CreateAndSetChildDomain (339ms)
		EndReloadAssembly (2266ms)
			LoadAssemblies (338ms)
			RebuildTransferFunctionScriptingTraits (0ms)
			SetupTypeCache (769ms)
			ReleaseScriptCaches (3ms)
			RebuildScriptCaches (79ms)
			SetupLoadedEditorAssemblies (838ms)
				LogAssemblyErrors (0ms)
				InitializePlatformSupportModulesInManaged (4ms)
				SetLoadedEditorAssemblies (0ms)
				RefreshPlugins (1ms)
				BeforeProcessingInitializeOnLoad (60ms)
				ProcessInitializeOnLoadAttributes (739ms)
				ProcessInitializeOnLoadMethodAttributes (30ms)
				AfterProcessingInitializeOnLoad (4ms)
				EditorAssembliesLoaded (1ms)
			ExecutionOrderSort2 (0ms)
			AwakeInstancesAfterBackupRestoration (46ms)
Platform modules already initialized, skipping
Switching build target platform(19) subTarget(0) extendedPlatform(0) -> platform(13) subTarget(524288) extendedPlatform(0)
Refreshing native plugins compatible for Editor in 3.15 ms, found 6 plugins.
Preloading 1 native plugins for Editor in 0.13 ms.
Unloading 3510 Unused Serialized files (Serialized files now loaded: 0)
System memory in use before: 180.0 MB.
System memory in use after: 180.2 MB.

Unloading 26 unused Assets to reduce memory usage. Loaded Objects now: 4169.
Total: 5.430200 ms (FindLiveObjects: 0.575500 ms CreateObjectMapping: 0.235600 ms MarkObjects: 4.534500 ms  DeleteObjects: 0.082500 ms)

AssetImportParameters requested are different than current active one (requested -> active):
  custom:framework-win-MediaFoundation: 216162199b28c13a410421893ffa2e32 -> 
  custom:video-decoder-ogg-theora: a1e56fd34408186e4bbccfd4996cb3dc -> 
  custom:container-muxer-webm: aa71ff27fc2769a1b78a27578f13a17b -> 
  custom:container-demuxer-webm: 4f35f7cbe854078d1ac9338744f61a02 -> 
  custom:container-demuxer-ogg: 62fdf1f143b41e24485cea50d1cbac27 -> 
  custom:video-encoder-webm-vp8: eb34c28f22e8b96e1ab97ce403110664 -> 
  custom:video-decoder-webm-vp8: 9c59270c3fd7afecdb556c50c9e8de78 -> 
  custom:graphics/normal-map-encoding: 01000000000000000000000000000000 -> 02000000000000000000000000000000
  custom:audio-decoder-ogg-vorbis: bf7c407c2cedff20999df2af8eb42d56 -> 
  custom:audio-encoder-webm-vorbis: bf7c407c2cedff20999df2af8eb42d56 -> 
========================================================================
Received Import Request.
  Time since last request: 62989.417265 seconds.
  path: Assets/Ancient Modular Tombs/Textures/Fire.tga
  artifactKey: Guid(3b00f46f777ede34aa848522a8cfec9f) Importer(815301076,1909f56bfc062723c751e8b465ee728b)
Start importing Assets/Ancient Modular Tombs/Textures/Fire.tga using Guid(3b00f46f777ede34aa848522a8cfec9f) Importer(815301076,1909f56bfc062723c751e8b465ee728b)  -> (artifact id: 'f102f2ff10ad247d436e7ef429933b9b') in 0.707561 seconds 
  Import took 0.817873 seconds .

========================================================================
Received Import Request.
  Time since last request: 19.029299 seconds.
  path: Assets/Ancient Modular Tombs/Prefabs/Fire.prefab
  artifactKey: Guid(1dec247021ca43a4380254eb2a8b47e2) Importer(815301076,1909f56bfc062723c751e8b465ee728b)
Start importing Assets/Ancient Modular Tombs/Prefabs/Fire.prefab using Guid(1dec247021ca43a4380254eb2a8b47e2) Importer(815301076,1909f56bfc062723c751e8b465ee728b)  -> (artifact id: 'ac450acde6c436e7a9e756b5ca0d29fa') in 0.664358 seconds 
  Import took 0.685787 seconds .

========================================================================
Received Import Request.
  Time since last request: 0.000761 seconds.
  path: Assets/Ancient Modular Tombs/Materials/Fire_Red.mat
  artifactKey: Guid(d9df5403c10ef75449d9b40ebf84cdb5) Importer(815301076,1909f56bfc062723c751e8b465ee728b)
Start importing Assets/Ancient Modular Tombs/Materials/Fire_Red.mat using Guid(d9df5403c10ef75449d9b40ebf84cdb5) Importer(815301076,1909f56bfc062723c751e8b465ee728b)  -> (artifact id: 'b8aa4891f0285de3aa3f21c159608cdb') in 0.251521 seconds 
  Import took 0.283266 seconds .

========================================================================
Received Import Request.
  Time since last request: 22.462774 seconds.
  path: Assets/Ancient Modular Tombs/Prefabs/Torchfire.prefab
  artifactKey: Guid(bb065d8d84b3af04f8026a5e6573c9ac) Importer(815301076,1909f56bfc062723c751e8b465ee728b)
Start importing Assets/Ancient Modular Tombs/Prefabs/Torchfire.prefab using Guid(bb065d8d84b3af04f8026a5e6573c9ac) Importer(815301076,1909f56bfc062723c751e8b465ee728b)  -> (artifact id: '534fdbececab22d8ded56aa92f39b3b6') in 1.471921 seconds 
  Import took 1.484447 seconds .

========================================================================
Received Import Request.
  Time since last request: 10.978398 seconds.
  path: Assets/Ancient Modular Tombs/Prefabs/Vase_1.prefab
  artifactKey: Guid(5ab2fcc025c189e468ee5b0ee4ac1ee1) Importer(815301076,1909f56bfc062723c751e8b465ee728b)
Start importing Assets/Ancient Modular Tombs/Prefabs/Vase_1.prefab using Guid(5ab2fcc025c189e468ee5b0ee4ac1ee1) Importer(815301076,1909f56bfc062723c751e8b465ee728b)  -> (artifact id: '654e6464beac7dca4cde516bfe2cf8ee') in 0.437427 seconds 
  Import took 0.459962 seconds .

========================================================================
Received Import Request.
  Time since last request: 0.704286 seconds.
  path: Assets/Ancient Modular Tombs/Prefabs/Torchfire_metall_2.prefab
  artifactKey: Guid(f32ea68cf20a6f540b96d709d697a4f6) Importer(815301076,1909f56bfc062723c751e8b465ee728b)
Start importing Assets/Ancient Modular Tombs/Prefabs/Torchfire_metall_2.prefab using Guid(f32ea68cf20a6f540b96d709d697a4f6) Importer(815301076,1909f56bfc062723c751e8b465ee728b)  -> (artifact id: 'a7c75d5ea139dfdbacfd19e1b9964fab') in 0.506684 seconds 
  Import took 0.528445 seconds .

========================================================================
Received Import Request.
  Time since last request: 6.554445 seconds.
  path: Assets/Ancient Modular Tombs/Prefabs/Torchfire 2.prefab
  artifactKey: Guid(7846f9950fa9d954ebeafe84e28cc7fd) Importer(815301076,1909f56bfc062723c751e8b465ee728b)
Start importing Assets/Ancient Modular Tombs/Prefabs/Torchfire 2.prefab using Guid(7846f9950fa9d954ebeafe84e28cc7fd) Importer(815301076,1909f56bfc062723c751e8b465ee728b)  -> (artifact id: 'c71014d0c8a92b9594f463ccc63246d0') in 0.167878 seconds 
  Import took 0.196855 seconds .

========================================================================
Received Import Request.
  Time since last request: 388.443228 seconds.
  path: Assets/Ancient Modular Tombs/Prefabs/Sandstorm.prefab
  artifactKey: Guid(76cd978de8682e9438ff9c0629b31991) Importer(815301076,1909f56bfc062723c751e8b465ee728b)
Start importing Assets/Ancient Modular Tombs/Prefabs/Sandstorm.prefab using Guid(76cd978de8682e9438ff9c0629b31991) Importer(815301076,1909f56bfc062723c751e8b465ee728b)  -> (artifact id: 'fbeee62a56bbdd31c2e7e0781cb1423c') in 0.095633 seconds 
  Import took 0.150661 seconds .

========================================================================
Received Import Request.
  Time since last request: 0.001323 seconds.
  path: Assets/Ancient Modular Tombs/Materials/Dust.mat
  artifactKey: Guid(1cebec1d303f89d48b0ba4be4efe5e6f) Importer(815301076,1909f56bfc062723c751e8b465ee728b)
Start importing Assets/Ancient Modular Tombs/Materials/Dust.mat using Guid(1cebec1d303f89d48b0ba4be4efe5e6f) Importer(815301076,1909f56bfc062723c751e8b465ee728b)  -> (artifact id: '66ac09cfbcee2596f3078915d78c3e68') in 0.020497 seconds 
  Import took 0.036700 seconds .

========================================================================
Received Import Request.
  Time since last request: 59.184590 seconds.
  path: Assets/Ancient Modular Tombs/Prefabs/Corridor_wall.prefab
  artifactKey: Guid(b4d0330b0659998418947db18126b6d6) Importer(815301076,1909f56bfc062723c751e8b465ee728b)
Start importing Assets/Ancient Modular Tombs/Prefabs/Corridor_wall.prefab using Guid(b4d0330b0659998418947db18126b6d6) Importer(815301076,1909f56bfc062723c751e8b465ee728b)  -> (artifact id: 'fbef5be587b88ce76818adc66f99218c') in 0.338473 seconds 
  Import took 0.349754 seconds .

========================================================================
Received Import Request.
  Time since last request: 0.478166 seconds.
  path: Assets/Ancient Modular Tombs/Prefabs/Corridor_two_way.prefab
  artifactKey: Guid(fee3d1445d519e04a83cc1bb342c6813) Importer(815301076,1909f56bfc062723c751e8b465ee728b)
Start importing Assets/Ancient Modular Tombs/Prefabs/Corridor_two_way.prefab using Guid(fee3d1445d519e04a83cc1bb342c6813) Importer(815301076,1909f56bfc062723c751e8b465ee728b)  -> (artifact id: '06378a58cc6b174223acce1ec08a9fd6') in 0.836147 seconds 
  Import took 0.849328 seconds .

